app/build/outputs/logs/manifest-merger-debug-report.txt
-- Merging decision tree log ---
manifest
ADDED from src\main\AndroidManifest.xml:2:1-20:12
	package
		ADDED from src\main\AndroidManifest.xml:3:7-39
		INJECTED from src\main\AndroidManifest.xml
		INJECTED from src\main\AndroidManifest.xml
	android:versionName
		ADDED from src\main\AndroidManifest.xml:5:7-32
		INJECTED from src\main\AndroidManifest.xml
		INJECTED from src\main\AndroidManifest.xml
	android:versionCode
		ADDED from src\main\AndroidManifest.xml:4:7-30
		INJECTED from src\main\AndroidManifest.xml
		INJECTED from src\main\AndroidManifest.xml
	xmlns:android
		ADDED from src\main\AndroidManifest.xml:2:11-69
application
ADDED from src\main\AndroidManifest.xml:6:5-16:19
	android:label
		ADDED from src\main\AndroidManifest.xml:6:48-80
	android:icon
		ADDED from src\main\AndroidManifest.xml:6:18-47
activity#com.mayuonline.japscey.JapsAtCey
ADDED from src\main\AndroidManifest.xml:7:9-14:20
	android:label
		ADDED from src\main\AndroidManifest.xml:8:19-51
	android:theme
		ADDED from src\main\AndroidManifest.xml:9:19-66
	android:name
		ADDED from src\main\AndroidManifest.xml:7:19-44
intent-filter#android.intent.action.MAIN+android.intent.category.LAUNCHER
ADDED from src\main\AndroidManifest.xml:10:13-13:29
action#android.intent.action.MAIN
ADDED from src\main\AndroidManifest.xml:11:17-69
	android:name
		ADDED from src\main\AndroidManifest.xml:11:25-66
category#android.intent.category.LAUNCHER
ADDED from src\main\AndroidManifest.xml:12:17-77
	android:name
		ADDED from src\main\AndroidManifest.xml:12:27-74
uses-permission#android.permission.INTERNET
ADDED from src\main\AndroidManifest.xml:17:5-67
	android:name
		ADDED from src\main\AndroidManifest.xml:17:22-64
uses-sdk
ADDED from src\main\AndroidManifest.xml:18:5-43
	android:targetSdkVersion
		INJECTED from src\main\AndroidManifest.xml
		INJECTED from src\main\AndroidManifest.xml
	android:minSdkVersion
		ADDED from src\main\AndroidManifest.xml:18:15-40
		INJECTED from src\main\AndroidManifest.xml
		INJECTED from src\main\AndroidManifest.xml